<?xml version="1.0" encoding="UTF-8"?>
<!-- Generated by org.testng.reporters.JUnitReportReporter -->
<testsuite hostname="Pasha" name="com.twosigma.beakerlab.tests.MainTest" tests="2" failures="0" timestamp="11 Mar 2016 23:34:52 GMT" time="6.182" errors="0">
  <testcase name="Test1" time="0.001" classname="com.twosigma.beakerlab.tests.MainTest"/>
  <testcase name="Test" time="6.181" classname="com.twosigma.beakerlab.tests.MainTest"/>
</testsuite> <!-- com.twosigma.beakerlab.tests.MainTest -->
