<?xml version="1.0" encoding="UTF-8"?>
<!-- Generated by org.testng.reporters.JUnitReportReporter -->
<testsuite hostname="Home" name="com.twosigma.beakerlab.tests.MainTest" tests="2" failures="0" timestamp="16 Mar 2016 20:43:47 GMT" time="2.894" errors="0">
  <testcase name="Test1" time="0.002" classname="com.twosigma.beakerlab.tests.MainTest"/>
  <testcase name="Test" time="2.892" classname="com.twosigma.beakerlab.tests.MainTest"/>
</testsuite> <!-- com.twosigma.beakerlab.tests.MainTest -->
