<?xml version="1.0" encoding="UTF-8"?>
<!-- Generated by org.testng.reporters.JUnitReportReporter -->
<testsuite hostname="Pasha" name="com.twosigma.beakerlab.tests.MainTest" tests="2" failures="0" timestamp="12 Mar 2016 00:18:32 GMT" time="9.681" errors="0">
  <testcase name="Test1" time="0.001" classname="com.twosigma.beakerlab.tests.MainTest"/>
  <testcase name="Test" time="9.680" classname="com.twosigma.beakerlab.tests.MainTest"/>
</testsuite> <!-- com.twosigma.beakerlab.tests.MainTest -->
